<?xml version="1.0" encoding="UTF-8"?>
<!-- Generated by org.testng.reporters.JUnitReportReporter -->
<testsuite skipped="0" hostname="LAPTOP-GDSNL2AT" name="com.vivino.acceptance.runners.TestRunner" tests="3" failures="1" timestamp="2022-03-29T22:42:36 IST" time="103.012" errors="0">
  <testcase name="runScenario" time="45.604" classname="com.vivino.acceptance.runners.TestRunner">
    <failure type="java.lang.AssertionError" message="The following asserts failed:
	Wine Name Mismatch expected [Cantina Zaccagnini Montepulciano D&#039;Abruzzo (Il Vino Dal Tralcetto Riserva)] but found [Cantina Zaccagnini Montepulciano d&#039;Abruzzo (Il Vino dal Tralcetto Riserva)]">
      <![CDATA[java.lang.AssertionError: The following asserts failed:
Wine Name Mismatch expected [Cantina Zaccagnini Montepulciano D'Abruzzo (Il Vino Dal Tralcetto Riserva)] but found [Cantina Zaccagnini Montepulciano d'Abruzzo (Il Vino dal Tralcetto Riserva)]
at org.testng.asserts.SoftAssert.assertAll(SoftAssert.java:47)
at org.testng.asserts.SoftAssert.assertAll(SoftAssert.java:31)
at com.vivino.acceptance.steps.VivinoSearchPageSteps.matchWineAttributesWithSearch(VivinoSearchPageSteps.java:134)
at âœ½.user validates attributes matches with search results(file:///F:/Sample_Projects/vivino-sample-tests/src/test/resources/features/vivino-search-feature.feature:20)
]]>
    </failure>
  </testcase> <!-- runScenario -->
  <system-out/>
  <testcase name="runScenario" time="43.623" classname="com.vivino.acceptance.runners.TestRunner"/>
  <system-out/>
  <testcase name="runScenario" time="13.785" classname="com.vivino.acceptance.runners.TestRunner"/>
  <system-out/>
</testsuite> <!-- com.vivino.acceptance.runners.TestRunner -->
