<?xml version="1.0" encoding="UTF-8"?>
<!-- Generated by org.testng.reporters.JUnitXMLReporter -->
<testsuite hostname="LAPTOP-GDSNL2AT" ignored="0" name="Command line test" tests="3" failures="1" timestamp="2022-03-29T22:30:28 IST" time="82.593" errors="0">
  <testcase name="runScenario" time="50.511" classname="io.cucumber.testng.AbstractTestNGCucumberTests"/>
  <testcase name="runScenario" time="12.523" classname="io.cucumber.testng.AbstractTestNGCucumberTests"/>
  <testcase name="runScenario" time="18.01" classname="io.cucumber.testng.AbstractTestNGCucumberTests">
    <failure type="java.lang.AssertionError" message="The following asserts failed:
	Wine Name Mismatch expected [Cantina Zaccagnini Montepulciano D&amp;apos;Abruzzo (Il Vino Dal Tralcetto Riserva)] but found [Cantina Zaccagnini Montepulciano d&amp;apos;Abruzzo (Il Vino dal Tralcetto Riserva)]">
      <![CDATA[java.lang.AssertionError: The following asserts failed:
Wine Name Mismatch expected [Cantina Zaccagnini Montepulciano D'Abruzzo (Il Vino Dal Tralcetto Riserva)] but found [Cantina Zaccagnini Montepulciano d'Abruzzo (Il Vino dal Tralcetto Riserva)]
at com.vivino.acceptance.steps.VivinoSearchPageSteps.matchWineAttributesWithSearch(VivinoSearchPageSteps.java:134)
at âœ½.user validates attributes matches with search results(file:///F:/Sample_Projects/vivino-sample-tests/src/test/resources/features/vivino-search-feature.feature:20)
... Removed 2 stack frames]]>
    </failure>
  </testcase> <!-- runScenario -->
</testsuite> <!-- Command line test -->
